[debug] > Exec(early(addDefaultCommands), None, None)
[debug] > Exec(addDefaultCommands, None, None)
[debug] > Exec(early(initialize), None, None)
[debug] > Exec(initialize, None, None)
[debug] > Exec(boot, None, None)
[debug] > Exec(writeSbtVersion, None, None)
[debug] > Exec(reload, None, None)
[debug] > Exec(sbtStashOnFailure, None, None)
[debug] > Exec(onFailure loadFailed, None, None)
[debug] > Exec(loadp, None, None)
[info] welcome to sbt 1.10.11 (Amazon.com Inc. Java 17.0.12)
[debug] Load.defaultLoad until apply took 394.1916ms
[debug]           Load.loadUnit: plugins took 223.2325ms
[debug]           Load.loadUnit: defsScala took 0.6794ms
[debug] [Loading] Scanning directory C:\Users\lialq\IdeaProjects\strings-reconstruction-proyect\project
[debug] [Loading] Found non-root projects 
[debug] [Loading] Done in C:\Users\lialq\IdeaProjects\strings-reconstruction-proyect\project, returning: ()
[debug] deducing auto plugins based on known facts Set(Atom(sbt.plugins.CorePlugin)) and clauses Clauses(Clause(Atom(sbt.plugins.JvmPlugin),Set(Atom(sbt.plugins.IvyPlugin)))
[debug] Clause(Atom(sbt.ScriptedPlugin),Set(Atom(sbt.plugins.JvmPlugin)))
[debug] Clause(Atom(sbt.plugins.SbtPlugin),Set(Atom(sbt.ScriptedPlugin)))
[debug] Clause(Atom(sbt.plugins.SemanticdbPlugin),Set(Atom(sbt.plugins.JvmPlugin)))
[debug] Clause(Atom(sbt.plugins.JUnitXmlReportPlugin),Set(Atom(sbt.plugins.JvmPlugin)))
[debug] Clause(Atom(sbt.plugins.MiniDependencyTreePlugin),Set(Atom(sbt.plugins.JvmPlugin)))
[debug] Clause(Atom(sbt.plugins.CorePlugin),Set(Atom(sbt.plugins.IvyPlugin)))
[debug] Clause(Atom(sbt.plugins.IvyPlugin),Set(Atom(sbt.plugins.JvmPlugin)))
[debug] Clause(Atom(sbt.plugins.JvmPlugin),Set(Atom(sbt.plugins.SemanticdbPlugin)))
[debug] Clause(Atom(sbt.plugins.JvmPlugin),Set(Atom(sbt.plugins.JUnitXmlReportPlugin)))
[debug] Clause(Atom(sbt.plugins.CorePlugin),Set(Atom(sbt.plugins.Giter8TemplatePlugin)))
[debug] Clause(Atom(sbt.plugins.JvmPlugin),Set(Atom(sbt.plugins.MiniDependencyTreePlugin))))
[debug]   :: deduced result: Matched(sbt.plugins.CorePlugin,sbt.plugins.Giter8TemplatePlugin,sbt.plugins.IvyPlugin,sbt.plugins.JvmPlugin,sbt.plugins.MiniDependencyTreePlugin,sbt.plugins.JUnitXmlReportPlugin,sbt.plugins.SemanticdbPlugin)
[debug] Plugins.deducer#function took 35.9392 ms
[debug]               Load.resolveProject(strings-reconstruction-proyect-build) took 88.554ms
[debug]             Load.loadTransitive: finalizeProject(Project(id strings-reconstruction-proyect-build, base: C:\Users\lialq\IdeaProjects\strings-reconstruction-proyect\project, plugins: List(<none>))) took 173.47ms
[debug] [Loading] Done in C:\Users\lialq\IdeaProjects\strings-reconstruction-proyect\project, returning: (strings-reconstruction-proyect-build)
[debug]           Load.loadUnit: loadedProjectsRaw took 220.9488ms
[debug]           Load.loadUnit: cleanEvalClasses took 0.6035ms
[debug]         Load.loadUnit(file:/C:/Users/lialq/IdeaProjects/strings-reconstruction-proyect/project/, ...) took 462.4058ms
[debug]       Load.apply: load took 929.7015ms
[debug]       Load.apply: resolveProjects took 18.5999ms
[debug]       Load.apply: finalTransforms took 184.9074ms
[debug]       Load.apply: config.delegates took 22.6274ms
[debug]       Load.apply: Def.make(settings)... took 591.6343ms
[debug]       Load.apply: structureIndex took 162.8318ms
[debug]       Load.apply: mkStreams took 2.0898ms
[info] loading project definition from C:\Users\lialq\IdeaProjects\strings-reconstruction-proyect\project
[debug] Running task... Cancel: Signal, check cycles: false, forcegc: true
[debug]     Load.loadUnit: plugins took 3289.0166ms
[debug]     Load.loadUnit: defsScala took 0.0054ms
[debug] [Loading] Scanning directory C:\Users\lialq\IdeaProjects\strings-reconstruction-proyect
[debug]       Load.loadUnit: mkEval took 10.3777ms
[debug] [Loading] Found root project root w/ remaining 
[debug] deducing auto plugins based on known facts Set(Atom(sbt.plugins.CorePlugin)) and clauses Clauses(Clause(Atom(sbt.plugins.JvmPlugin),Set(Atom(sbt.plugins.IvyPlugin)))
[debug] Clause(Atom(sbt.ScriptedPlugin),Set(Atom(sbt.plugins.JvmPlugin)))
[debug] Clause(Atom(sbt.plugins.SbtPlugin),Set(Atom(sbt.ScriptedPlugin)))
[debug] Clause(Atom(sbt.plugins.SemanticdbPlugin),Set(Atom(sbt.plugins.JvmPlugin)))
[debug] Clause(Atom(sbt.plugins.JUnitXmlReportPlugin),Set(Atom(sbt.plugins.JvmPlugin)))
[debug] Clause(Atom(sbt.plugins.MiniDependencyTreePlugin),Set(Atom(sbt.plugins.JvmPlugin)))
[debug] Clause(Atom(sbt.plugins.CorePlugin),Set(Atom(sbt.plugins.IvyPlugin)))
[debug] Clause(Atom(sbt.plugins.IvyPlugin),Set(Atom(sbt.plugins.JvmPlugin)))
[debug] Clause(Atom(sbt.plugins.JvmPlugin),Set(Atom(sbt.plugins.SemanticdbPlugin)))
[debug] Clause(Atom(sbt.plugins.JvmPlugin),Set(Atom(sbt.plugins.JUnitXmlReportPlugin)))
[debug] Clause(Atom(sbt.plugins.CorePlugin),Set(Atom(sbt.plugins.Giter8TemplatePlugin)))
[debug] Clause(Atom(sbt.plugins.JvmPlugin),Set(Atom(sbt.plugins.MiniDependencyTreePlugin))))
[debug]   :: deduced result: Matched(sbt.plugins.CorePlugin,sbt.plugins.Giter8TemplatePlugin,sbt.plugins.IvyPlugin,sbt.plugins.JvmPlugin,sbt.plugins.MiniDependencyTreePlugin,sbt.plugins.JUnitXmlReportPlugin,sbt.plugins.SemanticdbPlugin)
[debug] Plugins.deducer#function took 4.1409 ms
[info] loading settings for project root from build.sbt...
[debug]         Load.resolveProject(root) took 5.2485ms
[debug]       Load.loadTransitive: finalizeProject(Project(id root, base: C:\Users\lialq\IdeaProjects\strings-reconstruction-proyect, plugins: List(<none>))) took 11.3541ms
[debug] [Loading] Done in C:\Users\lialq\IdeaProjects\strings-reconstruction-proyect, returning: (root)
[debug]     Load.loadUnit: loadedProjectsRaw took 262.9296ms
[debug]     Load.loadUnit: cleanEvalClasses took 14.8967ms
[debug]   Load.loadUnit(file:/C:/Users/lialq/IdeaProjects/strings-reconstruction-proyect/, ...) took 3569.9903ms
[debug] Load.apply: load took 3617.5129ms
[debug] Load.apply: resolveProjects took 0.1805ms
[debug] Load.apply: finalTransforms took 20.0659ms
[debug] Load.apply: config.delegates took 0.4697ms
[debug] Load.apply: Def.make(settings)... took 120.9915ms
[debug] Load.apply: structureIndex took 64.1628ms
[debug] Load.apply: mkStreams took 0.0038ms
[info] set current project to strings-reconstruction-proyect (in build file:/C:/Users/lialq/IdeaProjects/strings-reconstruction-proyect/)
[debug] > Exec(sbtPopOnFailure, None, None)
[debug] > Exec(resumeFromFailure, None, None)
[debug] > Exec(notifyUsersAboutShell, None, None)
[debug] > Exec(iflast shell, None, None)
[debug] > Exec(shell, None, None)
[info] sbt server started at local:sbt-server-e23d7fe75e80be6cd3f7
[debug] Writing bsp connection file
[info] started sbt server
